# JRE version: OpenJDK Runtime Environment (15.0.2+7) (build 15.0.2+7-27)
# Java VM: OpenJDK 64-Bit Server VM (15.0.2+7-27, mixed mode, tiered, compressed oops, g1 gc, windows-amd64)
GC Precious Log:
 CPUs: 4 total, 4 available
 Memory: 16265M
 Large Page Support: Disabled
 NUMA Support: Disabled
 Compressed Oops: Enabled (Zero based)
 Heap Region Size: 2M
 Heap Min Capacity: 8M
 Heap Initial Capacity: 256M
 Heap Max Capacity: 4068M
 Pre-touch: Disabled
 Parallel Workers: 4
 Concurrent Workers: 1
 Concurrent Refinement Workers: 4
 Periodic GC: Disabled
Heap:
 garbage-first heap   total 159744K, used 48963K [0x0000000701c00000, 0x0000000800000000)
  region size 2048K, 20 young (40960K), 3 survivors (6144K)
 Metaspace       used 42015K, capacity 42599K, committed 42880K, reserved 1087488K
  class space    used 5312K, capacity 5469K, committed 5504K, reserved 1048576K
GC Heap History (16 events):
Event: 0.392 GC heap before
{Heap before GC invocations=0 (full 0):
 garbage-first heap   total 262144K, used 10240K [0x0000000701c00000, 0x0000000800000000)
  region size 2048K, 6 young (12288K), 0 survivors (0K)
 Metaspace       used 6337K, capacity 6382K, committed 6528K, reserved 1056768K
  class space    used 539K, capacity 554K, committed 640K, reserved 1048576K
}
Event: 0.398 GC heap after
{Heap after GC invocations=1 (full 0):
 garbage-first heap   total 262144K, used 4205K [0x0000000701c00000, 0x0000000800000000)
  region size 2048K, 1 young (2048K), 1 survivors (2048K)
 Metaspace       used 6337K, capacity 6382K, committed 6528K, reserved 1056768K
  class space    used 539K, capacity 554K, committed 640K, reserved 1048576K
}
Event: 0.827 GC heap before
{Heap before GC invocations=1 (full 0):
 garbage-first heap   total 262144K, used 14445K [0x0000000701c00000, 0x0000000800000000)
  region size 2048K, 6 young (12288K), 1 survivors (2048K)
 Metaspace       used 13396K, capacity 13551K, committed 13696K, reserved 1060864K
  class space    used 1338K, capacity 1383K, committed 1408K, reserved 1048576K
}
Event: 0.831 GC heap after
{Heap after GC invocations=2 (full 0):
 garbage-first heap   total 262144K, used 7897K [0x0000000701c00000, 0x0000000800000000)
  region size 2048K, 1 young (2048K), 1 survivors (2048K)
 Metaspace       used 13396K, capacity 13551K, committed 13696K, reserved 1060864K
  class space    used 1338K, capacity 1383K, committed 1408K, reserved 1048576K
}
Event: 1.049 GC heap before
{Heap before GC invocations=2 (full 0):
 garbage-first heap   total 262144K, used 26329K [0x0000000701c00000, 0x0000000800000000)
  region size 2048K, 10 young (20480K), 1 survivors (2048K)
 Metaspace       used 16162K, capacity 16381K, committed 16640K, reserved 1064960K
  class space    used 1696K, capacity 1777K, committed 1792K, reserved 1048576K
}
Event: 1.052 GC heap after
{Heap after GC invocations=3 (full 0):
 garbage-first heap   total 262144K, used 9773K [0x0000000701c00000, 0x0000000800000000)
  region size 2048K, 2 young (4096K), 2 survivors (4096K)
 Metaspace       used 16162K, capacity 16381K, committed 16640K, reserved 1064960K
  class space    used 1696K, capacity 1777K, committed 1792K, reserved 1048576K
}
Event: 1.092 GC heap before
{Heap before GC invocations=3 (full 0):
 garbage-first heap   total 262144K, used 48685K [0x0000000701c00000, 0x0000000800000000)
  region size 2048K, 22 young (45056K), 2 survivors (4096K)
 Metaspace       used 16162K, capacity 16381K, committed 16640K, reserved 1064960K
  class space    used 1696K, capacity 1777K, committed 1792K, reserved 1048576K
}
Event: 1.093 GC heap after
{Heap after GC invocations=4 (full 0):
 garbage-first heap   total 262144K, used 9457K [0x0000000701c00000, 0x0000000800000000)
  region size 2048K, 1 young (2048K), 1 survivors (2048K)
 Metaspace       used 16162K, capacity 16381K, committed 16640K, reserved 1064960K
  class space    used 1696K, capacity 1777K, committed 1792K, reserved 1048576K
}
Event: 1.707 GC heap before
{Heap before GC invocations=4 (full 0):
 garbage-first heap   total 262144K, used 36081K [0x0000000701c00000, 0x0000000800000000)
  region size 2048K, 15 young (30720K), 1 survivors (2048K)
 Metaspace       used 20856K, capacity 21158K, committed 21248K, reserved 1069056K
  class space    used 2366K, capacity 2493K, committed 2560K, reserved 1048576K
}
Event: 1.710 GC heap after
{Heap after GC invocations=5 (full 0):
 garbage-first heap   total 262144K, used 10783K [0x0000000701c00000, 0x0000000800000000)
  region size 2048K, 2 young (4096K), 2 survivors (4096K)
 Metaspace       used 20856K, capacity 21158K, committed 21248K, reserved 1069056K
  class space    used 2366K, capacity 2493K, committed 2560K, reserved 1048576K
}
Event: 2.025 GC heap before
{Heap before GC invocations=6 (full 0):
 garbage-first heap   total 55296K, used 39455K [0x0000000701c00000, 0x0000000800000000)
  region size 2048K, 16 young (32768K), 2 survivors (4096K)
 Metaspace       used 26420K, capacity 26739K, committed 26880K, reserved 1073152K
  class space    used 3189K, capacity 3301K, committed 3328K, reserved 1048576K
}
Event: 2.030 GC heap after
{Heap after GC invocations=7 (full 0):
 garbage-first heap   total 55296K, used 12433K [0x0000000701c00000, 0x0000000800000000)
  region size 2048K, 2 young (4096K), 2 survivors (4096K)
 Metaspace       used 26420K, capacity 26739K, committed 26880K, reserved 1073152K
  class space    used 3189K, capacity 3301K, committed 3328K, reserved 1048576K
}
Event: 2.064 GC heap before
{Heap before GC invocations=8 (full 0):
 garbage-first heap   total 55296K, used 37009K [0x0000000701c00000, 0x0000000800000000)
  region size 2048K, 15 young (30720K), 2 survivors (4096K)
 Metaspace       used 27118K, capacity 27515K, committed 27776K, reserved 1073152K
  class space    used 3278K, capacity 3409K, committed 3456K, reserved 1048576K
}
Event: 2.067 GC heap after
{Heap after GC invocations=9 (full 0):
 garbage-first heap   total 159744K, used 12866K [0x0000000701c00000, 0x0000000800000000)
  region size 2048K, 2 young (4096K), 2 survivors (4096K)
 Metaspace       used 27118K, capacity 27515K, committed 27776K, reserved 1073152K
  class space    used 3278K, capacity 3409K, committed 3456K, reserved 1048576K
}
Event: 3.504 GC heap before
{Heap before GC invocations=9 (full 0):
 garbage-first heap   total 159744K, used 100930K [0x0000000701c00000, 0x0000000800000000)
  region size 2048K, 46 young (94208K), 2 survivors (4096K)
 Metaspace       used 36602K, capacity 37117K, committed 37376K, reserved 1081344K
  class space    used 4610K, capacity 4737K, committed 4864K, reserved 1048576K
}
Event: 3.510 GC heap after
{Heap after GC invocations=10 (full 0):
 garbage-first heap   total 159744K, used 16195K [0x0000000701c00000, 0x0000000800000000)
  region size 2048K, 3 young (6144K), 3 survivors (6144K)
 Metaspace       used 36602K, capacity 37117K, committed 37376K, reserved 1081344K
  class space    used 4610K, capacity 4737K, committed 4864K, reserved 1048576K
}

